#
# There is insufficient memory for the Java Runtime Environment to continue.
# Native memory allocation (mmap) failed to map 98566144 bytes for G1 virtual space
# Possible reasons:
#   The system is out of physical RAM or swap space
#   The process is running with CompressedOops enabled, and the Java Heap may be blocking the growth of the native heap
# Possible solutions:
#   Reduce memory load on the system
#   Increase physical memory or swap space
#   Check if swap backing store is full
#   Decrease Java heap size (-Xmx/-Xms)
#   Decrease number of Java threads
#   Decrease Java thread stack sizes (-Xss)
#   Set larger code cache with -XX:ReservedCodeCacheSize=
#   JVM is running with Unscaled Compressed Oops mode in which the Java heap is
#     placed in the first 4GB address space. The Java Heap base address is the
#     maximum limit for the native heap growth. Please use -XX:HeapBaseMinAddress
#     to set the Java Heap base and to place the Java Heap above 4GB virtual address.
# This output file may be truncated or incomplete.
#
#  Out of Memory Error (os_windows.cpp:3603), pid=24824, tid=22772
#
# JRE version:  (21.0.9+7) (build )
# Java VM: Java HotSpot(TM) 64-Bit Server VM (21.0.9+7-LTS-338, mixed mode, sharing, tiered, compressed oops, compressed class ptrs, g1 gc, windows-amd64)
# No core dump will be written. Minidumps are not enabled by default on client versions of Windows
#

---------------  S U M M A R Y ------------

Command Line: -Dstdout.encoding=UTF-8 -Dstderr.encoding=UTF-8 -Dmaven.multiModuleProjectDirectory=C:\Users\balav\Downloads\Fullstack-Expense-Tracker-main\Fullstack-Expense-Tracker-main\backend org.apache.maven.wrapper.MavenWrapperMain spring-boot:run

Host: AMD Ryzen 5 7520U with Radeon Graphics         , 8 cores, 5G,  Windows 11 , 64 bit Build 26100 (10.0.26100.6725)
Time: Thu Nov 13 02:40:32 2025 India Standard Time elapsed time: 1.617251 seconds (0d 0h 0m 1s)

---------------  T H R E A D  ---------------

Current thread (0x000001e707d74180):  JavaThread "Unknown thread" [_thread_in_vm, id=22772, stack(0x0000006c04a00000,0x0000006c04b00000) (1024K)]

Stack: [0x0000006c04a00000,0x0000006c04b00000]
Native frames: (J=compiled Java code, j=interpreted, Vv=VM code, C=native code)
V  [jvm.dll+0x6cbf89]
V  [jvm.dll+0x858421]
V  [jvm.dll+0x85a94e]
V  [jvm.dll+0x85b023]
V  [jvm.dll+0x27ebc6]
V  [jvm.dll+0x6c8705]
V  [jvm.dll+0x6bd26a]
V  [jvm.dll+0x354a0a]
V  [jvm.dll+0x35c686]
V  [jvm.dll+0x3af79e]
V  [jvm.dll+0x3afa48]
V  [jvm.dll+0x328d1c]
V  [jvm.dll+0x32987b]
V  [jvm.dll+0x821739]
V  [jvm.dll+0x3bc481]
V  [jvm.dll+0x80a9b8]
V  [jvm.dll+0x45166e]
V  [jvm.dll+0x453261]
C  [jli.dll+0x52a3]
C  [ucrtbase.dll+0x37b0]
C  [KERNEL32.DLL+0x2e8d7]
C  [ntdll.dll+0x8c53c]


---------------  P R O C E S S  ---------------

Threads class SMR info:
_java_thread_list=0x00007ff90863fc08, length=0, elements={
}

Java Threads: ( => current thread )
Total: 0

Other Threads:
  0x000001e70985d820 WorkerThread "GC Thread#0"                     [id=16792, stack(0x0000006c04b00000,0x0000006c04c00000) (1024K)]
  0x000001e70986a9a0 ConcurrentGCThread "G1 Main Marker"            [id=27904, stack(0x0000006c04c00000,0x0000006c04d00000) (1024K)]
  0x000001e70986c230 WorkerThread "G1 Conc#0"                       [id=4848, stack(0x0000006c04d00000,0x0000006c04e00000) (1024K)]

[error occurred during error reporting (printing all threads), id 0xc0000005, EXCEPTION_ACCESS_VIOLATION (0xc0000005) at pc=0x00007ff907dab4a7]
VM state: not at safepoint (not fully initialized)

VM Mutex/Monitor currently owned by a thread:  ([mutex/lock_event])
[0x00007ff9086b0ef0] Heap_lock - owner thread: 0x000001e707d74180

Heap address: 0x00000000a2c00000, size: 1492 MB, Compressed Oops mode: 32-bit

CDS archive(s) mapped at: [0x0000000000000000-0x0000000000000000-0x0000000000000000), size 0, SharedBaseAddress: 0x0000000800000000, ArchiveRelocationMode: 1.
Narrow klass base: 0x0000000000000000, Narrow klass shift: 0, Narrow klass range: 0x0

GC Precious Log:
 CardTable entry size: 512
 Card Set container configuration: InlinePtr #cards 5 size 8 Array Of Cards #cards 12 size 40 Howl #buckets 4 coarsen threshold 1843 Howl Bitmap #cards 512 size 80 coarsen threshold 460 Card regions per heap region 1 cards per card region 2048

Heap:
 garbage-first heap   total 0K, used 0K [0x00000000a2c00000, 0x0000000100000000)
  region size 1024K, 0 young (0K), 0 survivors (0K)

[error occurred during error reporting (printing heap information), id 0xc0000005, EXCEPTION_ACCESS_VIOLATION (0xc0000005) at pc=0x00007ff908194ff9]
GC Heap History (0 events):
No events

Dll operation events (1 events):
Event: 0.047 Loaded shared library C:\Program Files\Java\jdk-21\bin\java.dll

Deoptimization events (0 events):
No events

Classes loaded (0 events):
No events

Classes unloaded (0 events):
No events

Classes redefined (0 events):
No events

Internal exceptions (0 events):
No events

ZGC Phase Switch (0 events):
No events

VM Operations (0 events):
No events

Events (0 events):
No events


Dynamic libraries:
0x00007ff74f740000 - 0x00007ff74f750000 	C:\Program Files\Java\jdk-21\bin\java.exe
0x00007ff9c7ae0000 - 0x00007ff9c7d48000 	C:\WINDOWS\SYSTEM32\ntdll.dll
0x00007ff9c6d50000 - 0x00007ff9c6e19000 	C:\WINDOWS\System32\KERNEL32.DLL
0x00007ff9c4c70000 - 0x00007ff9c5062000 	C:\WINDOWS\System32\KERNELBASE.dll
0x00007ff9c53d0000 - 0x00007ff9c551b000 	C:\WINDOWS\System32\ucrtbase.dll
0x00007ff999d20000 - 0x00007ff999d39000 	C:\Program Files\Java\jdk-21\bin\jli.dll
0x00007ff9ace20000 - 0x00007ff9ace3b000 	C:\Program Files\Java\jdk-21\bin\VCRUNTIME140.dll
0x00007ff9c6ea0000 - 0x00007ff9c6f54000 	C:\WINDOWS\System32\ADVAPI32.dll
0x00007ff9c7570000 - 0x00007ff9c7619000 	C:\WINDOWS\System32\msvcrt.dll
0x00007ff9c7620000 - 0x00007ff9c76c6000 	C:\WINDOWS\System32\sechost.dll
0x00007ff9c59d0000 - 0x00007ff9c5ae8000 	C:\WINDOWS\System32\RPCRT4.dll
0x00007ff9c71c0000 - 0x00007ff9c7385000 	C:\WINDOWS\System32\USER32.dll
0x00007ff9c5070000 - 0x00007ff9c5097000 	C:\WINDOWS\System32\win32u.dll
0x00007ff9c7750000 - 0x00007ff9c777b000 	C:\WINDOWS\System32\GDI32.dll
0x00007ff9c52a0000 - 0x00007ff9c53cd000 	C:\WINDOWS\System32\gdi32full.dll
0x00007ff9c55c0000 - 0x00007ff9c5663000 	C:\WINDOWS\System32\msvcp_win.dll
0x00007ff9a7ef0000 - 0x00007ff9a8183000 	C:\WINDOWS\WinSxS\amd64_microsoft.windows.common-controls_6595b64144ccf1df_6.0.26100.6899_none_3e0efeeae32e88c1\COMCTL32.dll
0x00007ff9afe00000 - 0x00007ff9afe0b000 	C:\WINDOWS\SYSTEM32\VERSION.dll
0x00007ff9c6d10000 - 0x00007ff9c6d3f000 	C:\WINDOWS\System32\IMM32.DLL
0x00007ff9b14c0000 - 0x00007ff9b14cc000 	C:\Program Files\Java\jdk-21\bin\vcruntime140_1.dll
0x00007ff995970000 - 0x00007ff9959fe000 	C:\Program Files\Java\jdk-21\bin\msvcp140.dll
0x00007ff907a70000 - 0x00007ff90878d000 	C:\Program Files\Java\jdk-21\bin\server\jvm.dll
0x00007ff9c76d0000 - 0x00007ff9c7744000 	C:\WINDOWS\System32\WS2_32.dll
0x00007ff9c4ad0000 - 0x00007ff9c4b2e000 	C:\WINDOWS\SYSTEM32\POWRPROF.dll
0x00007ff9b9140000 - 0x00007ff9b9175000 	C:\WINDOWS\SYSTEM32\WINMM.dll
0x00007ff9c4ab0000 - 0x00007ff9c4ac4000 	C:\WINDOWS\SYSTEM32\UMPDC.dll
0x00007ff9c3a40000 - 0x00007ff9c3a5b000 	C:\WINDOWS\SYSTEM32\kernel.appcore.dll
0x00007ff9acdc0000 - 0x00007ff9acdca000 	C:\Program Files\Java\jdk-21\bin\jimage.dll
0x00007ff9c2620000 - 0x00007ff9c2862000 	C:\WINDOWS\SYSTEM32\DBGHELP.DLL
0x00007ff9c6810000 - 0x00007ff9c6b8b000 	C:\WINDOWS\System32\combase.dll
0x00007ff9c6730000 - 0x00007ff9c6807000 	C:\WINDOWS\System32\OLEAUT32.dll
0x00007ff9ac6d0000 - 0x00007ff9ac70c000 	C:\WINDOWS\SYSTEM32\dbgcore.DLL
0x00007ff9c5520000 - 0x00007ff9c55b8000 	C:\WINDOWS\System32\bcryptPrimitives.dll
0x00007ff9acc40000 - 0x00007ff9acc5f000 	C:\Program Files\Java\jdk-21\bin\java.dll

dbghelp: loaded successfully - version: 4.0.5 - missing functions: none
symbol engine: initialized successfully - sym options: 0x614 - pdb path: .;C:\Program Files\Java\jdk-21\bin;C:\WINDOWS\SYSTEM32;C:\WINDOWS\WinSxS\amd64_microsoft.windows.common-controls_6595b64144ccf1df_6.0.26100.6899_none_3e0efeeae32e88c1;C:\Program Files\Java\jdk-21\bin\server

VM Arguments:
jvm_args: -Dstdout.encoding=UTF-8 -Dstderr.encoding=UTF-8 -Dmaven.multiModuleProjectDirectory=C:\Users\balav\Downloads\Fullstack-Expense-Tracker-main\Fullstack-Expense-Tracker-main\backend 
java_command: org.apache.maven.wrapper.MavenWrapperMain spring-boot:run
java_class_path (initial): C:\Users\balav\Downloads\Fullstack-Expense-Tracker-main\Fullstack-Expense-Tracker-main\backend\.mvn\wrapper\maven-wrapper.jar
Launcher Type: SUN_STANDARD

[Global flags]
     intx CICompilerCount                          = 4                                         {product} {ergonomic}
     uint ConcGCThreads                            = 2                                         {product} {ergonomic}
     uint G1ConcRefinementThreads                  = 8                                         {product} {ergonomic}
   size_t G1HeapRegionSize                         = 1048576                                   {product} {ergonomic}
    uintx GCDrainStackTargetSize                   = 64                                        {product} {ergonomic}
   size_t InitialHeapSize                          = 98566144                                  {product} {ergonomic}
   size_t MarkStackSize                            = 4194304                                   {product} {ergonomic}
   size_t MaxHeapSize                              = 1564475392                                {product} {ergonomic}
   size_t MinHeapDeltaBytes                        = 1048576                                   {product} {ergonomic}
   size_t MinHeapSize                              = 8388608                                   {product} {ergonomic}
    uintx NonNMethodCodeHeapSize                   = 5839372                                {pd product} {ergonomic}
    uintx NonProfiledCodeHeapSize                  = 122909434                              {pd product} {ergonomic}
    uintx ProfiledCodeHeapSize                     = 122909434                              {pd product} {ergonomic}
    uintx ReservedCodeCacheSize                    = 251658240                              {pd product} {ergonomic}
     bool SegmentedCodeCache                       = true                                      {product} {ergonomic}
   size_t SoftMaxHeapSize                          = 1564475392                             {manageable} {ergonomic}
     bool UseCompressedOops                        = true                           {product lp64_product} {ergonomic}
     bool UseG1GC                                  = true                                      {product} {ergonomic}
     bool UseLargePagesIndividualAllocation        = false                                  {pd product} {ergonomic}

Logging:
Log output configuration:
 #0: stdout all=warning uptime,level,tags foldmultilines=false
 #1: stderr all=off uptime,level,tags foldmultilines=false

Environment Variables:
JAVA_HOME=C:\Program Files\Java\jdk-21
JAVA_TOOL_OPTIONS=-Dstdout.encoding=UTF-8 -Dstderr.encoding=UTF-8
PATH=C:\Program Files\Java\jdk-21\bin;C:\Program Files\Common Files\Oracle\Java\javapath;C:\WINDOWS\system32;C:\WINDOWS;C:\WINDOWS\System32\Wbem;C:\WINDOWS\System32\WindowsPowerShell\v1.0\;C:\WINDOWS\System32\OpenSSH\;C:\Program Files\nodejs\;C:\Program Files\cursor\resources\app\bin;C:\Program Files\Java\jdk-21\bin;C:\Program Files\apache-maven-3.9.11\bin;C:\Program Files\MySQL\MySQL Server 8.0\bin;C:\Program Files\Git\cmd;C:\Program Files\Git\bin;;C:\Program Files\Docker\Docker\resources\bin;C:\Program Files\MySQL\MySQL Shell 8.0\bin\;C:\Users\balav\AppData\Local\Microsoft\WindowsApps;C:\Users\balav\AppData\Local\Programs\Microsoft VS Code\bin;C:\Users\balav\AppData\Roaming\npm
USERNAME=balav
LANG=en_US.UTF-8
OS=Windows_NT
PROCESSOR_IDENTIFIER=AMD64 Family 23 Model 160 Stepping 0, AuthenticAMD
TMP=C:\Users\balav\AppData\Local\Temp
TEMP=C:\Users\balav\AppData\Local\Temp




Periodic native trim disabled

---------------  S Y S T E M  ---------------

OS:
 Windows 11 , 64 bit Build 26100 (10.0.26100.6725)
OS uptime: 0 days 12:48 hours
Hyper-V role detected

CPU: total 8 (initial active 8) (8 cores per cpu, 2 threads per core) family 23 model 160 stepping 0 microcode 0x8a0000a, cx8, cmov, fxsr, ht, mmx, 3dnowpref, sse, sse2, sse3, ssse3, sse4a, sse4.1, sse4.2, popcnt, lzcnt, tsc, tscinvbit, avx, avx2, aes, clmul, bmi1, bmi2, adx, sha, fma, vzeroupper, clflush, clflushopt, hv, rdtscp, rdpid, f16c
Processor Information for processor 0
  Max Mhz: 2801, Current Mhz: 2801, Mhz Limit: 2801
Processor Information for processor 1
  Max Mhz: 2801, Current Mhz: 2483, Mhz Limit: 2801
Processor Information for processor 2
  Max Mhz: 2801, Current Mhz: 2801, Mhz Limit: 2801
Processor Information for processor 3
  Max Mhz: 2801, Current Mhz: 2801, Mhz Limit: 2801
Processor Information for processor 4
  Max Mhz: 2801, Current Mhz: 2801, Mhz Limit: 2801
Processor Information for processor 5
  Max Mhz: 2801, Current Mhz: 2801, Mhz Limit: 2801
Processor Information for processor 6
  Max Mhz: 2801, Current Mhz: 2483, Mhz Limit: 2801
Processor Information for processor 7
  Max Mhz: 2801, Current Mhz: 2483, Mhz Limit: 2801

Memory: 4k page, system-wide physical 5965M (346M free)
TotalPageFile size 24397M (AvailPageFile size 0M)
current process WorkingSet (physical memory assigned to process): 11M, peak: 11M
current process commit charge ("private bytes"): 60M, peak: 154M

vm_info: Java HotSpot(TM) 64-Bit Server VM (21.0.9+7-LTS-338) for windows-amd64 JRE (21.0.9+7-LTS-338), built on 2025-09-26T06:33:49Z by "mach5run" with MS VC++ 17.6 (VS2022)

END.
